#
# There is insufficient memory for the Java Runtime Environment to continue.
# Native memory allocation (mmap) failed to map 132120576 bytes for G1 virtual space
# Possible reasons:
#   The system is out of physical RAM or swap space
#   The process is running with CompressedOops enabled, and the Java Heap may be blocking the growth of the native heap
# Possible solutions:
#   Reduce memory load on the system
#   Increase physical memory or swap space
#   Check if swap backing store is full
#   Decrease Java heap size (-Xmx/-Xms)
#   Decrease number of Java threads
#   Decrease Java thread stack sizes (-Xss)
#   Set larger code cache with -XX:ReservedCodeCacheSize=
#   JVM is running with Unscaled Compressed Oops mode in which the Java heap is
#     placed in the first 4GB address space. The Java Heap base address is the
#     maximum limit for the native heap growth. Please use -XX:HeapBaseMinAddress
#     to set the Java Heap base and to place the Java Heap above 4GB virtual address.
# This output file may be truncated or incomplete.
#
#  Out of Memory Error (os_windows.cpp:3825), pid=8708, tid=15600
#
# JRE version:  (17.0.9+7) (build )
# Java VM: OpenJDK 64-Bit Server VM (17.0.9+7-b1087.9, mixed mode, sharing, tiered, compressed oops, compressed class ptrs, g1 gc, windows-amd64)
# No core dump will be written. Minidumps are not enabled by default on client versions of Windows
#

---------------  S U M M A R Y ------------

Command Line: git4idea.http.GitAskPassApp Username for 'http://38.242.131.85': 

Host: Intel(R) Core(TM) i3-1005G1 CPU @ 1.20GHz, 4 cores, 7G,  Windows 11 , 64 bit Build 22621 (10.0.22621.2506)
Time: Fri Jan 19 23:22:37 2024 Morocco Daylight Time elapsed time: 0.017831 seconds (0d 0h 0m 0s)

---------------  T H R E A D  ---------------

Current thread (0x00000145177ec3b0):  JavaThread "Unknown thread" [_thread_in_vm, id=15600, stack(0x0000002d0de00000,0x0000002d0df00000)]

Stack: [0x0000002d0de00000,0x0000002d0df00000]
Native frames: (J=compiled Java code, j=interpreted, Vv=VM code, C=native code)
V  [jvm.dll+0x688349]
V  [jvm.dll+0x841bfa]
V  [jvm.dll+0x84383e]
V  [jvm.dll+0x843ea3]
V  [jvm.dll+0x24bdef]
V  [jvm.dll+0x6850f9]
V  [jvm.dll+0x67988a]
V  [jvm.dll+0x30cbfb]
V  [jvm.dll+0x3140a6]
V  [jvm.dll+0x363ede]
V  [jvm.dll+0x36410f]
V  [jvm.dll+0x2e29c8]
V  [jvm.dll+0x2e3934]
V  [jvm.dll+0x812771]
V  [jvm.dll+0x371d41]
V  [jvm.dll+0x7f12bc]
V  [jvm.dll+0x3f59cf]
V  [jvm.dll+0x3f7601]
C  [jli.dll+0x528f]
C  [ucrtbase.dll+0x29363]
C  [KERNEL32.DLL+0x1257d]
C  [ntdll.dll+0x5aa58]


---------------  P R O C E S S  ---------------

Threads class SMR info:
_java_thread_list=0x00007ff857acdf18, length=0, elements={
}

Java Threads: ( => current thread )

Other Threads:
  0x0000014517845330 GCTaskThread "GC Thread#0" [stack: 0x0000002d0df00000,0x0000002d0e000000] [id=5208]
  0x0000014517855c80 ConcurrentGCThread "G1 Main Marker" [stack: 0x0000002d0e000000,0x0000002d0e100000] [id=22524]
  0x00000145178566a0 ConcurrentGCThread "G1 Conc#0" [stack: 0x0000002d0e100000,0x0000002d0e200000] [id=14504]

[error occurred during error reporting (printing all threads), id 0xc0000005, EXCEPTION_ACCESS_VIOLATION (0xc0000005) at pc=0x00007ff857283597]

VM state: not at safepoint (not fully initialized)

VM Mutex/Monitor currently owned by a thread:  ([mutex/lock_event])
[0x00000145177e8290] Heap_lock - owner thread: 0x00000145177ec3b0

Heap address: 0x0000000083000000, size: 2000 MB, Compressed Oops mode: 32-bit

CDS archive(s) mapped at: [0x0000000000000000-0x0000000000000000-0x0000000000000000), size 0, SharedBaseAddress: 0x0000000800000000, ArchiveRelocationMode: 1.
Narrow klass base: 0x0000000000000000, Narrow klass shift: 0, Narrow klass range: 0x0

GC Precious Log:
<Empty>

Heap:
 garbage-first heap   total 0K, used 0K [0x0000000083000000, 0x0000000100000000)
  region size 1024K, 0 young (0K), 0 survivors (0K)
 Metaspace       used 0K, committed 0K, reserved 0K
  class space    used 0K, committed 0K, reserved 0K

Heap Regions: E=young(eden), S=young(survivor), O=old, HS=humongous(starts), HC=humongous(continues), CS=collection set, F=free, OA=open archive, CA=closed archive, TAMS=top-at-mark-start (previous, next)

Card table byte_map: [0x000001452a350000,0x000001452a740000] _byte_map_base: 0x0000014529f38000

Marking Bits (Prev, Next): (CMBitMap*) 0x0000014517845950, (CMBitMap*) 0x0000014517845990
 Prev Bits: [0x000001452ab30000, 0x000001452ca70000)
 Next Bits: [0x000001452ca70000, 0x000001452e9b0000)

GC Heap History (0 events):
No events

Dll operation events (1 events):
Event: 0.011 Loaded shared library D:\JetBrains\WebStorm 2023.3.2\jbr\bin\java.dll

Deoptimization events (0 events):
No events

Classes unloaded (0 events):
No events

Classes redefined (0 events):
No events

Internal exceptions (0 events):
No events

VM Operations (0 events):
No events

Events (0 events):
No events


Dynamic libraries:
0x00007ff623110000 - 0x00007ff62311a000 	D:\JetBrains\WebStorm 2023.3.2\jbr\bin\java.exe
0x00007ff8bf170000 - 0x00007ff8bf387000 	C:\WINDOWS\SYSTEM32\ntdll.dll
0x00007ff8bdfa0000 - 0x00007ff8be064000 	C:\WINDOWS\System32\KERNEL32.DLL
0x00007ff8bc770000 - 0x00007ff8bcb16000 	C:\WINDOWS\System32\KERNELBASE.dll
0x00007ff8bc530000 - 0x00007ff8bc641000 	C:\WINDOWS\System32\ucrtbase.dll
0x00007ff8acbe0000 - 0x00007ff8acbf7000 	D:\JetBrains\WebStorm 2023.3.2\jbr\bin\jli.dll
0x00007ff8a36f0000 - 0x00007ff8a370b000 	D:\JetBrains\WebStorm 2023.3.2\jbr\bin\VCRUNTIME140.dll
0x00007ff8be070000 - 0x00007ff8be21e000 	C:\WINDOWS\System32\USER32.dll
0x00007ff8bc710000 - 0x00007ff8bc736000 	C:\WINDOWS\System32\win32u.dll
0x00007ff8bcfc0000 - 0x00007ff8bcfe9000 	C:\WINDOWS\System32\GDI32.dll
0x00007ff8bcd00000 - 0x00007ff8bce18000 	C:\WINDOWS\System32\gdi32full.dll
0x00007ff8bce20000 - 0x00007ff8bceba000 	C:\WINDOWS\System32\msvcp_win.dll
0x00007ff8a1eb0000 - 0x00007ff8a2143000 	C:\WINDOWS\WinSxS\amd64_microsoft.windows.common-controls_6595b64144ccf1df_6.0.22621.2506_none_270c5ae97388e100\COMCTL32.dll
0x00007ff8bdd10000 - 0x00007ff8bddb7000 	C:\WINDOWS\System32\msvcrt.dll
0x00007ff8be4a0000 - 0x00007ff8be4d1000 	C:\WINDOWS\System32\IMM32.DLL
0x00007ff8ac2e0000 - 0x00007ff8ac2ec000 	D:\JetBrains\WebStorm 2023.3.2\jbr\bin\vcruntime140_1.dll
0x00007ff875ac0000 - 0x00007ff875b4d000 	D:\JetBrains\WebStorm 2023.3.2\jbr\bin\msvcp140.dll
0x00007ff856f90000 - 0x00007ff857c12000 	D:\JetBrains\WebStorm 2023.3.2\jbr\bin\server\jvm.dll
0x00007ff8bf070000 - 0x00007ff8bf123000 	C:\WINDOWS\System32\ADVAPI32.dll
0x00007ff8be5b0000 - 0x00007ff8be658000 	C:\WINDOWS\System32\sechost.dll
0x00007ff8bc740000 - 0x00007ff8bc768000 	C:\WINDOWS\System32\bcrypt.dll
0x00007ff8bd8c0000 - 0x00007ff8bd9d7000 	C:\WINDOWS\System32\RPCRT4.dll
0x00007ff8acc60000 - 0x00007ff8acc69000 	C:\WINDOWS\SYSTEM32\WSOCK32.dll
0x00007ff8bc380000 - 0x00007ff8bc3cd000 	C:\WINDOWS\SYSTEM32\POWRPROF.dll
0x00007ff8bddc0000 - 0x00007ff8bde31000 	C:\WINDOWS\System32\WS2_32.dll
0x00007ff8b4100000 - 0x00007ff8b410a000 	C:\WINDOWS\SYSTEM32\VERSION.dll
0x00007ff8b4350000 - 0x00007ff8b4384000 	C:\WINDOWS\SYSTEM32\WINMM.dll
0x00007ff8bc360000 - 0x00007ff8bc373000 	C:\WINDOWS\SYSTEM32\UMPDC.dll
0x00007ff8bb4a0000 - 0x00007ff8bb4b8000 	C:\WINDOWS\SYSTEM32\kernel.appcore.dll
0x00007ff8acc50000 - 0x00007ff8acc5a000 	D:\JetBrains\WebStorm 2023.3.2\jbr\bin\jimage.dll
0x00007ff8b9b20000 - 0x00007ff8b9d53000 	C:\WINDOWS\SYSTEM32\DBGHELP.DLL
0x00007ff8bece0000 - 0x00007ff8bf069000 	C:\WINDOWS\System32\combase.dll
0x00007ff8bdc30000 - 0x00007ff8bdd07000 	C:\WINDOWS\System32\OLEAUT32.dll
0x00007ff8b0b30000 - 0x00007ff8b0b62000 	C:\WINDOWS\SYSTEM32\dbgcore.DLL
0x00007ff8bc4b0000 - 0x00007ff8bc52a000 	C:\WINDOWS\System32\bcryptPrimitives.dll
0x00007ff887b50000 - 0x00007ff887b75000 	D:\JetBrains\WebStorm 2023.3.2\jbr\bin\java.dll

dbghelp: loaded successfully - version: 4.0.5 - missing functions: none
symbol engine: initialized successfully - sym options: 0x614 - pdb path: .;D:\JetBrains\WebStorm 2023.3.2\jbr\bin;C:\WINDOWS\SYSTEM32;C:\WINDOWS\WinSxS\amd64_microsoft.windows.common-controls_6595b64144ccf1df_6.0.22621.2506_none_270c5ae97388e100;D:\JetBrains\WebStorm 2023.3.2\jbr\bin\server

VM Arguments:
java_command: git4idea.http.GitAskPassApp Username for 'http://38.242.131.85': 
java_class_path (initial): D:/JetBrains/WebStorm 2023.3.2/plugins/vcs-git/lib/git4idea-rt.jar;D:/JetBrains/WebStorm 2023.3.2/lib/externalProcess-rt.jar
Launcher Type: SUN_STANDARD

[Global flags]
     intx CICompilerCount                          = 3                                         {product} {ergonomic}
     uint ConcGCThreads                            = 1                                         {product} {ergonomic}
     uint G1ConcRefinementThreads                  = 4                                         {product} {ergonomic}
   size_t G1HeapRegionSize                         = 1048576                                   {product} {ergonomic}
    uintx GCDrainStackTargetSize                   = 64                                        {product} {ergonomic}
   size_t InitialHeapSize                          = 132120576                                 {product} {ergonomic}
   size_t MarkStackSize                            = 4194304                                   {product} {ergonomic}
   size_t MaxHeapSize                              = 2097152000                                {product} {ergonomic}
   size_t MinHeapDeltaBytes                        = 1048576                                   {product} {ergonomic}
   size_t MinHeapSize                              = 8388608                                   {product} {ergonomic}
    uintx NonNMethodCodeHeapSize                   = 5832780                                {pd product} {ergonomic}
    uintx NonProfiledCodeHeapSize                  = 122912730                              {pd product} {ergonomic}
    uintx ProfiledCodeHeapSize                     = 122912730                              {pd product} {ergonomic}
    uintx ReservedCodeCacheSize                    = 251658240                              {pd product} {ergonomic}
     bool SegmentedCodeCache                       = true                                      {product} {ergonomic}
   size_t SoftMaxHeapSize                          = 2097152000                             {manageable} {ergonomic}
     bool UseCompressedClassPointers               = true                           {product lp64_product} {ergonomic}
     bool UseCompressedOops                        = true                           {product lp64_product} {ergonomic}
     bool UseG1GC                                  = true                                      {product} {ergonomic}
     bool UseLargePagesIndividualAllocation        = false                                  {pd product} {ergonomic}

Logging:
Log output configuration:
 #0: stdout all=warning uptime,level,tags
 #1: stderr all=off uptime,level,tags

Environment Variables:
JAVA_HOME=C:\Program Files\Java\jdk-17
PATH=C:\Program Files\Git\mingw64\libexec\git-core;C:\Program Files\Git\mingw64\libexec\git-core;C:\Program Files\Git\mingw64\bin;C:\Program Files\Git\usr\bin;C:\Users\admmd\bin;D:\OpenSSL-Win64\bin;C:\Program Files (x86)\NVIDIA Corporation\PhysX\Common;C:\Program Files\Common Files\Oracle\Java\javapath;C:\Program Files (x86)\Common Files\Oracle\Java\javapath;C:\WINDOWS\system32;C:\WINDOWS;C:\WINDOWS\System32\Wbem;C:\WINDOWS\System32\WindowsPowerShell\v1.0;C:\WINDOWS\System32\OpenSSH;C:\Program Files\Git\cmd;C:\Program Files\Java\jdk-17\bin00;C:\xampp\php;C:\ProgramData\ComposerSetup\bin;C:\Program Files\nodejs;C:\Program Files\MySQL\MySQL Server 8.0\bin;C:\Program Files\Microsoft SQL Server\Client SDK\ODBC\170\Tools\Binn;C:\Program Files (x86)\Microsoft SQL Server\150\Tools\Binn;C:\Program Files\Microsoft SQL Server\150\Tools\Binn;C:\Program Files\Microsoft SQL Server\150\DTS\Binn;C:\Program Files\MySQL\MySQL Shell 8.0\bin;C:\Users\admmd\AppData\Local\Microsoft\WindowsApps;C:\Users\admmd\AppData\Local\Programs\Microsoft VS Code\bin;D:\flutter\f\bin;D:\Swift\bin;C:\Users\admmd\AppData\Roaming\Composer\vendor\bin;C:\Users\admmd\AppData\Roaming\npm;C:\Program Files\Azure Data Studio\bin;D:\IntelliJ IDEA 2023.2.5\bin;D:\PyCharm 2023.3\bin
USERNAME=admmd
DISPLAY=:0.0
LC_ALL=en_US.UTF-8
TERM=xterm-256color
TMPDIR=C:\Users\admmd\AppData\Local\Temp
OS=Windows_NT
PROCESSOR_IDENTIFIER=Intel64 Family 6 Model 126 Stepping 5, GenuineIntel
TMP=C:\Users\admmd\AppData\Local\Temp
TEMP=C:\Users\admmd\AppData\Local\Temp



Periodic native trim disabled

JNI global refs:
JNI global refs: 0, weak refs: 0

JNI global refs memory usage: 0, weak refs: 0

OOME stack traces (most recent first):
Classloader memory used:


---------------  S Y S T E M  ---------------

OS:
 Windows 11 , 64 bit Build 22621 (10.0.22621.2506)
OS uptime: 0 days 13:58 hours
Hyper-V role detected

CPU: total 4 (initial active 4) (2 cores per cpu, 2 threads per core) family 6 model 126 stepping 5 microcode 0xa0, cx8, cmov, fxsr, ht, mmx, 3dnowpref, sse, sse2, sse3, ssse3, sse4.1, sse4.2, popcnt, lzcnt, tsc, tscinvbit, avx, avx2, aes, erms, clmul, bmi1, bmi2, adx, avx512f, avx512dq, avx512cd, avx512bw, avx512vl, sha, fma, vzeroupper, avx512_vpopcntdq, avx512_vpclmulqdq, avx512_vaes, avx512_vnni, clflush, clflushopt, avx512_vbmi2, avx512_vbmi, hv
Processor Information for all 4 processors :
  Max Mhz: 1201, Current Mhz: 1201, Mhz Limit: 1201

Memory: 4k page, system-wide physical 7997M (580M free)
TotalPageFile size 16047M (AvailPageFile size 61M)
current process WorkingSet (physical memory assigned to process): 11M, peak: 11M
current process commit charge ("private bytes"): 52M, peak: 178M

vm_info: OpenJDK 64-Bit Server VM (17.0.9+7-b1087.9) for windows-amd64 JRE (17.0.9+7-b1087.9), built on 2023-12-05 by "builduser" with MS VC++ 16.10 / 16.11 (VS2019)

END.
